<?xml version="1.0" encoding="UTF-8"?>
<testng-results skipped="0" failed="0" ignored="0" total="1" passed="1">
  <reporter-output>
  </reporter-output>
  <suite name="Default suite" duration-ms="20361" started-at="2020-04-06T11:05:21 IST" finished-at="2020-04-06T11:05:42 IST">
    <groups>
    </groups>
    <test name="Default test" duration-ms="20361" started-at="2020-04-06T11:05:21 IST" finished-at="2020-04-06T11:05:42 IST">
      <class name="testcases.ReddiffLogIn">
        <test-method status="PASS" signature="LogIn()[pri:0, instance:testcases.ReddiffLogIn@67784306]" name="LogIn" duration-ms="20238" started-at="2020-04-06T11:05:21 IST" finished-at="2020-04-06T11:05:42 IST">
          <reporter-output>
          </reporter-output>
        </test-method> <!-- LogIn -->
      </class> <!-- testcases.ReddiffLogIn -->
    </test> <!-- Default test -->
  </suite> <!-- Default suite -->
</testng-results>
